<?xml version="1.0" encoding="UTF-8"?>
<Site BuildName="(empty)"
	BuildStamp="20240322-1147-Experimental"
	Name="mshashank02-XPS-15-9500"
	Generator="ctest-3.16.3"
	CompilerName="/usr/bin/g++"
	CompilerVersion="9.4.0"
	OSName="Linux"
	Hostname="mshashank02-XPS-15-9500"
	OSRelease="5.15.0-97-generic"
	OSVersion="#107~20.04.1-Ubuntu SMP Fri Feb 9 14:20:11 UTC 2024"
	OSPlatform="x86_64"
	Is64Bits="1"
	VendorString="GenuineIntel"
	VendorID="Intel Corporation"
	FamilyID="6"
	ModelID="165"
	ProcessorCacheSize="12288"
	NumberOfLogicalCPU="12"
	NumberOfPhysicalCPU="6"
	TotalVirtualMemory="2047"
	TotalPhysicalMemory="31837"
	LogicalProcessorsPerPhysical="2"
	ProcessorClockFrequency="2825.59"
	>
	<Testing>
		<StartDateTime>Mar 22 17:17 IST</StartDateTime>
		<StartTestTime>1711108053</StartTestTime>
		<TestList/>
		<EndDateTime>Mar 22 17:17 IST</EndDateTime>
		<EndTestTime>1711108053</EndTestTime>
		<ElapsedMinutes>0</ElapsedMinutes>
	</Testing>
</Site>
